<?xml version="1.0" encoding="UTF-8"?>
<!-- Generated by org.testng.reporters.JUnitReportReporter -->
<testsuite hostname="IQZNGLLT003" name="Antony.NTest" tests="1" failures="0" timestamp="4 Feb 2021 07:34:38 GMT" time="0.011" errors="0">
  <testcase name="exampleOfTestNgMaven" time="0.011" classname="Antony.NTest"/>
</testsuite> <!-- Antony.NTest -->
