<?xml version="1.0" encoding="UTF-8"?>
<!-- Generated by org.testng.reporters.JUnitReportReporter -->
<testsuite hostname="IQZNGLLT003" name="Antony.SeleniumTest" tests="1" failures="0" timestamp="4 Feb 2021 11:41:35 GMT" time="13.207" errors="0">
  <testcase name="init" time="13.207" classname="Antony.SeleniumTest"/>
</testsuite> <!-- Antony.SeleniumTest -->
